Build started 2014/09/07 05:16:59 PM.
     1>Project "C:\Users\Mark\Documents\Visual Studio 2013\Projects\MineSweaper\MineSweaper\MineSweaper.vcxproj" on node 2 (Build target(s)).
     1>ClCompile:
         C:\Program Files (x86)\Microsoft Visual Studio 12.0\VC\bin\CL.exe /c /ZI /nologo /W3 /WX- /Od /Oy- /D WIN32 /D _DEBUG /D _WINDOWS /D _MBCS /Gm /EHsc /RTC1 /MDd /GS /fp:precise /Zc:wchar_t /Zc:forScope /Fo"Debug\\" /Fd"Debug\vc120.pdb" /Gd /TP /analyze- /errorReport:prompt CNeuralNet.cpp
         CNeuralNet.cpp
     1>c:\users\mark\documents\visual studio 2013\projects\minesweaper\minesweaper\cneuralnet.cpp(36): warning C4018: '<' : signed/unsigned mismatch
     1>c:\users\mark\documents\visual studio 2013\projects\minesweaper\minesweaper\cneuralnet.cpp(40): warning C4018: '<' : signed/unsigned mismatch
     1>c:\users\mark\documents\visual studio 2013\projects\minesweaper\minesweaper\cneuralnet.cpp(62): warning C4018: '<' : signed/unsigned mismatch
     1>c:\users\mark\documents\visual studio 2013\projects\minesweaper\minesweaper\cneuralnet.cpp(70): warning C4018: '<' : signed/unsigned mismatch
     1>c:\users\mark\documents\visual studio 2013\projects\minesweaper\minesweaper\cneuralnet.cpp(91): warning C4018: '<' : signed/unsigned mismatch
     1>c:\users\mark\documents\visual studio 2013\projects\minesweaper\minesweaper\cneuralnet.cpp(103): warning C4018: '<' : signed/unsigned mismatch
     1>c:\users\mark\documents\visual studio 2013\projects\minesweaper\minesweaper\cneuralnet.cpp(134): warning C4018: '<' : signed/unsigned mismatch
     1>c:\users\mark\documents\visual studio 2013\projects\minesweaper\minesweaper\cneuralnet.cpp(139): warning C4018: '<' : signed/unsigned mismatch
     1>c:\users\mark\documents\visual studio 2013\projects\minesweaper\minesweaper\cneuralnet.cpp(147): warning C4018: '<' : signed/unsigned mismatch
     1>c:\users\mark\documents\visual studio 2013\projects\minesweaper\minesweaper\cneuralnet.cpp(174): warning C4018: '<' : signed/unsigned mismatch
     1>c:\users\mark\documents\visual studio 2013\projects\minesweaper\minesweaper\cneuralnet.cpp(193): warning C4018: '<' : signed/unsigned mismatch
     1>c:\program files (x86)\microsoft visual studio 12.0\vc\include\xutility(2132): warning C4996: 'std::_Copy_impl': Function call with parameters that may be unsafe - this call relies on the caller to check that the passed values are correct. To disable this warning, use -D_SCL_SECURE_NO_WARNINGS. See documentation on how to use Visual C++ 'Checked Iterators'
                 c:\program files (x86)\microsoft visual studio 12.0\vc\include\xutility(2113) : see declaration of 'std::_Copy_impl'
                 c:\users\mark\documents\visual studio 2013\projects\minesweaper\minesweaper\cneuralnet.cpp(89) : see reference to function template instantiation '_OutIt std::copy<const double*,double*>(_InIt,_InIt,_OutIt)' being compiled
                 with
                 [
                     _OutIt=double *
         ,            _InIt=const double *
                 ]
       Link:
         C:\Program Files (x86)\Microsoft Visual Studio 12.0\VC\bin\link.exe /ERRORREPORT:PROMPT /OUT:"C:\Users\Mark\Documents\Visual Studio 2013\Projects\MineSweaper\Debug\MineSweaper.exe" /INCREMENTAL /NOLOGO kernel32.lib user32.lib gdi32.lib winspool.lib comdlg32.lib advapi32.lib shell32.lib ole32.lib oleaut32.lib uuid.lib odbc32.lib odbccp32.lib /MANIFEST /MANIFESTUAC:"level='asInvoker' uiAccess='false'" /manifest:embed /DEBUG /PDB:"C:\Users\Mark\Documents\Visual Studio 2013\Projects\MineSweaper\Debug\MineSweaper.pdb" /SUBSYSTEM:WINDOWS /TLBID:1 /DYNAMICBASE /NXCOMPAT /IMPLIB:"C:\Users\Mark\Documents\Visual Studio 2013\Projects\MineSweaper\Debug\MineSweaper.lib" /MACHINE:X86 Debug\Script1.res
         Debug\C2DMatrix.obj
         Debug\CBackPropController.obj
         Debug\CBasicEA.obj
         Debug\CCollisionObject.obj
         Debug\CContCollisionObject.obj
         Debug\CContController.obj
         Debug\CContMinesweeper.obj
         Debug\CController.obj
         Debug\CDiscCollisionObject.obj
         Debug\CDiscController.obj
         Debug\CDiscMinesweeper.obj
         Debug\CEAController.obj
         Debug\CMinesweeper.obj
         Debug\CNeuralNet.obj
         Debug\CParams.obj
         Debug\CQLearningController.obj
         Debug\CTimer.obj
         Debug\main.obj
         Debug\utils.obj
         MineSweaper.vcxproj -> C:\Users\Mark\Documents\Visual Studio 2013\Projects\MineSweaper\Debug\MineSweaper.exe
     1>Done Building Project "C:\Users\Mark\Documents\Visual Studio 2013\Projects\MineSweaper\MineSweaper\MineSweaper.vcxproj" (Build target(s)).

Build succeeded.

Time Elapsed 00:00:00.75
